Arguments: 
  C:\Program Files\nodejs\node.exe C:\Users\Antocker\AppData\Roaming\npm\node_modules\yarn\bin\yarn.js run

PATH: 
  D:\react\redux-tutorial\node_modules\.bin;C:\ProgramData\Anaconda3;C:\ProgramData\Anaconda3\Library\mingw-w64\bin;C:\ProgramData\Anaconda3\Library\usr\bin;C:\ProgramData\Anaconda3\Library\bin;C:\ProgramData\Anaconda3\Scripts;C:\WINDOWS\system32;C:\WINDOWS;C:\WINDOWS\System32\Wbem;C:\WINDOWS\System32\WindowsPowerShell\v1.0\;C:\WINDOWS\System32\OpenSSH\;C:\Program Files\NVIDIA Corporation\NVIDIA NvDLISR;C:\Program Files\TortoiseGit\bin;C:\WINDOWS\system32;C:\WINDOWS;C:\WINDOWS\System32\Wbem;C:\WINDOWS\System32\WindowsPowerShell\v1.0\;C:\WINDOWS\System32\OpenSSH\;C:\Program Files (x86)\NVIDIA Corporation\PhysX\Common;C:\Program Files\ojdkbuild\java-1.8.0-openjdk-1.8.0.191-1\bin;E:\MAVEN\apache-maven-3.6.1\bin;C:\Program Files\nodejs\;C:\Program Files (x86)\Brackets\command;C:\Program Files\Git\cmd;C:\Ruby26-x64\bin;C:\Users\Antocker\AppData\Local\Microsoft\WindowsApps;C:\Users\Antocker\AppData\Local\atom\bin;C:\Users\Antocker\AppData\Local\Microsoft\WindowsApps;C:\Users\Antocker\AppData\Local\Programs\Microsoft VS Code\bin;C:\Program Files\ojdkbuild\java-1.8.0-openjdk-1.8.0.191-1\bin;C:\Program Files\ojdkbuild\java-1.8.0-openjdk-1.8.0.191-1\\bin;C:\Users\Antocker\AppData\Roaming\npm;C:\Program Files (x86)\BrowserStackLocal\

Yarn version: 
  1.22.10

Node version: 
  12.14.0

Platform: 
  win32 x64

Trace: 
  SyntaxError: D:\react\redux-tutorial\package.json: Unexpected token } in JSON at position 197
      at JSON.parse (<anonymous>)
      at C:\Users\Antocker\AppData\Roaming\npm\node_modules\yarn\lib\cli.js:1625:59
      at Generator.next (<anonymous>)
      at step (C:\Users\Antocker\AppData\Roaming\npm\node_modules\yarn\lib\cli.js:310:30)
      at C:\Users\Antocker\AppData\Roaming\npm\node_modules\yarn\lib\cli.js:321:13

npm manifest: 
  {
    "name": "redux-tutorial",
    "version": "1.0.0",
    "main": "index.js",
    "license": "MIT",
    "description": "testProject",
    "scripts": {
      "start": "webpack-dev-server --mode development",
    }
  }

yarn manifest: 
  No manifest

Lockfile: 
  No lockfile
